<?xml version="1.0" encoding="UTF-8"?>
<!-- Generated by org.testng.reporters.JUnitReportReporter -->
<testsuite hostname="Hari" failures="0" tests="1" name="cucumberOptions.TestNGTestRunner" time="0.157" errors="0" timestamp="2025-02-22T23:55:57 IST" skipped="0">
  <testcase classname="cucumberOptions.TestNGTestRunner" name="runScenario" time="0.157"/>
</testsuite> <!-- cucumberOptions.TestNGTestRunner -->
